=== BEGIN MESSAGE ===
Client IP:
  ::1

Host:
  localhost

Requested URI:
  http://localhost/azmoon/editinfo.php

Date:
  2017-07-03 14:29:13

Error:
  Internal error.

Developer Details:
  tNG_update.getLocalRecordset:<br /><strong>Error message:</strong><br /><br /><strong>SQL statement:</strong><br />SELECT code,fname,lname,gender,job,gradeid,father,shsh,birthloc,birthday,codemeli,mobile,tel,image,countrycode,ostancode,shahrestancode,address,codeposti,moaref,secquestionid,secresponse,status,email, email as kt_pk_members FROM members WHERE email ='peyman@yahoo.com' (UPD_RS)

tNG Execution Trace:
  tNG_update.executeTransaction
    STARTER.Trigger_Default_Starter
    tNG_update.doTransaction
      BEFORE.Trigger_Default_saveData
        tNG_update.saveData*
  tNG_update.getRecordset
  tNG_update.getFakeRsArr
  tNG_update.getLocalRecordset*
=== END MESSAGE ===
=== BEGIN MESSAGE ===
Client IP:
  ::1

Host:
  localhost

Requested URI:
  http://localhost/azmoon/editinfo.php

Date:
  2017-07-03 14:36:23

Error:
  SQL error: Column 'lname' cannot be null.

Developer Details:
  SQL error: UPDATE members SET code='1', fname='پیمان', lname=null, gender='0', job='2', gradeid=5, father='3', shsh='4', birthloc='5', birthday='6', codemeli='2093590670', mobile='09111230405', tel='8', image=image, countrycode=null, ostancode=null, shahrestancode=null, address='9', codeposti='10', moaref=null, secquestionid=null, secresponse=null, status='0' WHERE email = 'peyman@yahoo.com'. (SQL_ERROR)

tNG Execution Trace:
  tNG_update.executeTransaction
    STARTER.Trigger_Default_Starter
    tNG_update.doTransaction
      BEFORE.Trigger_Default_saveData
        tNG_update.saveData
      BEFORE.Trigger_Default_FormValidation
      tNG_update.prepareSQL
      tNG_update.executeTransaction - execute sql*
  tNG_update.getRecordset
  tNG_update.getFakeRsArr
  tNG_update.getLocalRecordset
  tNG_update.getFakeRecordset
=== END MESSAGE ===
=== BEGIN MESSAGE ===
Client IP:
  ::1

Host:
  localhost

Requested URI:
  http://localhost/azmoon/contact.php

Date:
  2017-07-03 16:39:51

Error:
  SQL error: Unknown column 'time' in 'field list'.

Developer Details:
  SQL error: INSERT INTO message (sender, title, email, text, date, time, `read`, ip, weblogcode, `active`) values ('test', 'subject', 'test@text.com', 'msg', '1396/04/12', '16:39:51', '0', '::1', null, '0'). (SQL_ERROR)

tNG Execution Trace:
  tNG_insert.executeTransaction
    STARTER.Trigger_Default_Starter
    tNG_insert.doTransaction
      BEFORE.CheckCaptcha
      BEFORE.Trigger_Default_FormValidation
      tNG_insert.prepareSQL
      tNG_insert.executeTransaction - execute sql*
      ERROR.Trigger_Default_Insert_RollBack
  tNG_insert.getRecordset
  tNG_insert.getFakeRsArr
  tNG_insert.getLocalRecordset
  tNG_insert.getFakeRecordset
  tNG_insert.getFakeRecordset
=== END MESSAGE ===
=== BEGIN MESSAGE ===
Client IP:
  ::1

Host:
  localhost

Requested URI:
  http://localhost/azmoon/content_view.php?id=37&title=%D8%A7%D9%BE%D9%84%20%D9%86%D9%85%D8%A7%DB%8C%D8%B4%DA%AF%D8%B1%20%DB%B5%20%D9%87%D8%B2%D8%A7%D8%B1%20%D9%BE%DB%8C%DA%A9%D8%B3%D9%84%DB%8C%20%D8%AA%D9%88%D9%84%DB%8C%D8%AF%20%D9%85%DB%8C%E2%80%8C%DA%A9%D9%86%D8%AF

Date:
  2017-07-04 09:50:24

Error:
  SQL error: Column 'text' cannot be null.

Developer Details:
  SQL error: INSERT INTO comment (title, contentid, name, email, text, date, ip, `read`, status) values ('عنوان11', 37, 'نام11', 'test@name11.com', null, '1396/04/13', '::1', '0', null). (SQL_ERROR)

tNG Execution Trace:
  tNG_insert.executeTransaction
    STARTER.Trigger_Default_Starter
    tNG_insert.doTransaction
      BEFORE.CheckCaptcha
      BEFORE.Trigger_Default_FormValidation
      tNG_insert.prepareSQL
      tNG_insert.executeTransaction - execute sql*
      ERROR.Trigger_Default_Insert_RollBack
  tNG_insert.getRecordset
  tNG_insert.getFakeRsArr
  tNG_insert.getLocalRecordset
  tNG_insert.getFakeRecordset
  tNG_insert.getFakeRecordset
=== END MESSAGE ===
