=== BEGIN MESSAGE ===
Client IP:
  107.152.242.226

Host:
  mmcorg.ir

Requested URI:
  http://mmcorg.ir/contact.php

Date:
  2018-07-04 02:09:04

Error:
  SQL error: Column 'mobile' cannot be null.

Developer Details:
  SQL error: INSERT INTO message (sender, title, email, mobile, msggroup, text, date, `read`, ip, portalid, `status`) values (null, null, 'Randy@TalkWithLead.com', null, 7, 'Hi,

My name is Randy and I was looking at a few different sites online and came across your site mmcorg.ir.  I must say - your website is very impressive.  I found your website on the first page of the Search Engine. 

Have you noticed that 70 percent of visitors who leave your website will never return?  In most cases, this means that 95 percent to 98 percent of your marketing efforts are going to waste, not to mention that you are losing more money in customer acquisition costs than you need to.
 
As a business person, the time and money you put into your marketing efforts is extremely valuable.  So why let it go to waste?  Our users have seen staggering improvements in conversions with insane growths of 150 percent going upwards of 785 percent. Are you ready to unlock the highest conversion revenue from each of your website visitors?  

TalkWithLead is a widget which captures a website visitor’s Name, Email address and Phone Number and then calls you immediately, so that you can talk to the Lead exactly when they are live on your website — while they''re hot!
  
Try the TalkWithLead Live Demo now to see exactly how it works.  Visit: https://www.talkwithlead.com/Contents/LiveDemo.aspx

When targeting leads, speed is essential - there is a 100x decrease in Leads when a Lead is contacted within 30 minutes vs being contacted within 5 minutes.

If you would like to talk to me about this service, please give me a call.  We do offer a 30 days free trial.  

Thanks and Best Regards,
Randy', '1397/04/13', '0', '107.152.242.226', '0', '0'). (SQL_ERROR)

tNG Execution Trace:
  tNG_insert.executeTransaction
    STARTER.Trigger_Default_Starter
    tNG_insert.doTransaction
      BEFORE.CheckCaptcha
      BEFORE.Trigger_Default_FormValidation
      tNG_insert.prepareSQL
      tNG_insert.executeTransaction - execute sql*
      ERROR.Trigger_Default_Insert_RollBack
  tNG_insert.getRecordset
  tNG_insert.getFakeRsArr
  tNG_insert.getLocalRecordset
  tNG_insert.getFakeRecordset
  tNG_insert.getFakeRecordset
=== END MESSAGE ===
=== BEGIN MESSAGE ===
Client IP:
  107.152.242.226

Host:
  mmcorg.ir

Requested URI:
  http://mmcorg.ir/contact.php

Date:
  2018-07-04 02:09:04

Error:
  SQL error: Column 'mobile' cannot be null.

Developer Details:
  SQL error: INSERT INTO message (sender, title, email, mobile, msggroup, text, date, `read`, ip, portalid, `status`) values (null, null, 'Randy@TalkWithLead.com', null, 7, 'Hi,

My name is Randy and I was looking at a few different sites online and came across your site mmcorg.ir.  I must say - your website is very impressive.  I found your website on the first page of the Search Engine. 

Have you noticed that 70 percent of visitors who leave your website will never return?  In most cases, this means that 95 percent to 98 percent of your marketing efforts are going to waste, not to mention that you are losing more money in customer acquisition costs than you need to.
 
As a business person, the time and money you put into your marketing efforts is extremely valuable.  So why let it go to waste?  Our users have seen staggering improvements in conversions with insane growths of 150 percent going upwards of 785 percent. Are you ready to unlock the highest conversion revenue from each of your website visitors?  

TalkWithLead is a widget which captures a website visitor’s Name, Email address and Phone Number and then calls you immediately, so that you can talk to the Lead exactly when they are live on your website — while they''re hot!
  
Try the TalkWithLead Live Demo now to see exactly how it works.  Visit: https://www.talkwithlead.com/Contents/LiveDemo.aspx

When targeting leads, speed is essential - there is a 100x decrease in Leads when a Lead is contacted within 30 minutes vs being contacted within 5 minutes.

If you would like to talk to me about this service, please give me a call.  We do offer a 30 days free trial.  

Thanks and Best Regards,
Randy', '1397/04/13', '0', '107.152.242.226', '0', '0'). (SQL_ERROR)

tNG Execution Trace:
  tNG_insert.executeTransaction
    STARTER.Trigger_Default_Starter
    tNG_insert.doTransaction
      BEFORE.CheckCaptcha
      BEFORE.Trigger_Default_FormValidation
      tNG_insert.prepareSQL
      tNG_insert.executeTransaction - execute sql*
      ERROR.Trigger_Default_Insert_RollBack
  tNG_insert.getRecordset
  tNG_insert.getFakeRsArr
  tNG_insert.getLocalRecordset
  tNG_insert.getFakeRecordset
  tNG_insert.getFakeRecordset
=== END MESSAGE ===
